

> augustinmauroy.github.io@1.0.0 build
> next build

[1G[0K   [1m[38;2;173;127;168mâ–² Next.js 15.1.5[39m[22m

 [37m[1m [22m[39m Creating an optimized production build ...
 [32m[1mâœ“[22m[39m Compiled successfully
 [37m[1m [22m[39m Skipping validation of types
 [37m[1m [22m[39m Skipping linting
[?25l [37m[1m [22m[39m Collecting page data  [36m.[39m[2K[1G [37m[1m [22m[39m Collecting page data  [36m..[39m[2K[1G [37m[1m [22m[39m Collecting page data  [36m...[39m[2K[1G [37m[1m [22m[39m Collecting page data  [36m.[39m[2K[1G[?25h [37m[1m [22m[39m Collecting page data     [32m[1mâœ“[22m[39m Collecting page data 
[?25l [37m[1m [22m[39m Generating static pages (0/29)  [36m[    ][39m[2K[1G [37m[1m [22m[39m Generating static pages (0/29)  [36m[=   ][39m[2K[1G [37m[1m [22m[39m Generating static pages (0/29)  [36m[==  ][39m[2K[1G [37m[1m [22m[39m Generating static pages (0/29)  [36m[=== ][39m[2K[1G [37m[1m [22m[39m Generating static pages (8/29)  [36m[ ===][39m[2K[1G [37m[1m [22m[39m Generating static pages (8/29)  [36m[  ==][39m[2K[1G [37m[1m [22m[39m Generating static pages (8/29)  [36m[   =][39m[2K[1G [37m[1m [22m[39m Generating static pages (19/29)  [36m[    ][39m[2K[1G [37m[1m [22m[39m Generating static pages (19/29)  [36m[   =][39m[2K[1G [37m[1m [22m[39m Generating static pages (23/29)  [36m[  ==][39m[2K[1G [37m[1m [22m[39m Generating static pages (23/29)  [36m[ ===][39m[2K[1G[?25h [32m[1mâœ“[22m[39m Generating static pages (29/29)
[?25l [37m[1m [22m[39m Finalizing page optimization  [36m.[39m[?25l [37m[1m [22m[39m Collecting build traces  [36m.[39m[2K[1G [37m[1m [22m[39m Finalizing page optimization  [36m..[39m[2K[1G [37m[1m [22m[39m Collecting build traces  [36m..[39m[2K[1G [37m[1m [22m[39m Finalizing page optimization  [36m...[39m[2K[1G [37m[1m [22m[39m Collecting build traces  [36m...[39m[2K[1G [37m[1m [22m[39m Finalizing page optimization  [36m.[39m[2K[1G [37m[1m [22m[39m Collecting build traces  [36m.[39m[2K[1G [37m[1m [22m[39m Finalizing page optimization  [36m..[39m[2K[1G [37m[1m [22m[39m Collecting build traces  [36m..[39m[2K[1G [37m[1m [22m[39m Finalizing page optimization  [36m...[39m[2K[1G [37m[1m [22m[39m Collecting build traces  [36m...[39m[2K[1G [37m[1m [22m[39m Finalizing page optimization  [36m.[39m[2K[1G [37m[1m [22m[39m Collecting build traces  [36m.[39m[2K[1G [37m[1m [22m[39m Finalizing page optimization  [36m..[39m[2K[1G [37m[1m [22m[39m Collecting build traces  [36m..[39m[2K[1G [37m[1m [22m[39m Finalizing page optimization  [36m...[39m[2K[1G [37m[1m [22m[39m Collecting build traces  [36m...[39m[2K[1G [37m[1m [22m[39m Finalizing page optimization  [36m.[39m[2K[1G [37m[1m [22m[39m Collecting build traces  [36m.[39m[2K[1G [37m[1m [22m[39m Finalizing page optimization  [36m..[39m[2K[1G [37m[1m [22m[39m Collecting build traces  [36m..[39m[2K[1G [37m[1m [22m[39m Finalizing page optimization  [36m...[39m[2K[1G [37m[1m [22m[39m Collecting build traces  [36m...[39m[2K[1G [37m[1m [22m[39m Finalizing page optimization  [36m.[39m[2K[1G [37m[1m [22m[39m Collecting build traces  [36m.[39m[2K[1G [37m[1m [22m[39m Finalizing page optimization  [36m..[39m[2K[1G [37m[1m [22m[39m Collecting build traces  [36m..[39m[2K[1G [37m[1m [22m[39m Finalizing page optimization  [36m...[39m[2K[1G [37m[1m [22m[39m Collecting build traces  [36m...[39m[2K[1G[?25h [37m[1m [22m[39m Collecting build traces     [32m[1mâœ“[22m[39m Collecting build traces 
[?25l [37m[1m [22m[39m Exporting (0/3)  [36m[    ][39m[2K[1G [37m[1m [22m[39m Finalizing page optimization  [36m.[39m[2K[1G [37m[1m [22m[39m Exporting (0/3)  [36m[=   ][39m[2K[1G [37m[1m [22m[39m Finalizing page optimization  [36m..[39m[2K[1G [37m[1m [22m[39m Exporting (0/3)  [36m[==  ][39m[2K[1G [37m[1m [22m[39m Finalizing page optimization  [36m...[39m[2K[1G[?25h[2K[1G[?25h [32m[1mâœ“[22m[39m Exporting (3/3)
[?25l [36m.[39m [2K[1G[?25h    [32m[1mâœ“[22m[39m Finalizing page optimization 

[4mRoute (app)[24m                                                      [4mSize[24m     [4mFirst Load JS[24m
â”Œ â—‹ /_not-found                                                  979 B           [37m[1m106 kB[22m[39m
â”œ â— /[locale]                                                    4.69 kB         [37m[1m159 kB[22m[39m
â”œ   â”œ /en
â”œ   â”” /fr
â”œ â— /[locale]/404                                                1.66 kB         [37m[1m111 kB[22m[39m
â”œ   â”œ /en/404
â”œ   â”” /fr/404
â”œ â— /[locale]/about                                              2.59 kB         [37m[1m157 kB[22m[39m
â”œ   â”œ /en/about
â”œ   â”” /fr/about
â”œ â— /[locale]/blog/[[...page]]                                   4.04 kB         [37m[1m159 kB[22m[39m
â”œ   â”œ /en/blog/index
â”œ   â”œ /en/blog/0
â”œ   â”œ /fr/blog/index
â”œ   â”” /fr/blog/0
â”œ â— /[locale]/blog/post/[post]                                   3.25 kB         [37m[1m158 kB[22m[39m
â”œ   â”œ /en/blog/post/etherpad-next
â”œ   â”œ /en/blog/post/how-i-style-my-website
â”œ   â”œ /en/blog/post/how-to-test-react-app-with-node-test-runner
â”œ   â”” [+7 more paths]
â”œ â— /[locale]/feed/blog/rss.xml                                  1.46 kB         [37m[1m132 kB[22m[39m
â”œ   â”œ /en/feed/blog/rss.xml
â”œ   â”” /fr/feed/blog/rss.xml
â”œ â— /[locale]/projects                                           2.59 kB         [37m[1m157 kB[22m[39m
â”œ   â”œ /en/projects
â”œ   â”” /fr/projects
â”œ â—‹ /robots.txt                                                  0 B                [37m[1m0 B[22m[39m
â”” â—‹ /sitemap.xml                                                 0 B                [37m[1m0 B[22m[39m
+ First Load JS shared by all                                    [37m[1m105 kB[22m[39m
  â”œ chunks/4bd1b696-61a53374f0fe97c3.js                          52.9 kB
  â”œ chunks/517-c75a85370deebeae.js                               50.4 kB
  â”” other shared chunks (total)                                  1.9 kB


â—‹  (Static)  prerendered as static content
â—  (SSG)     prerendered as static HTML (uses [36mgenerateStaticParams[39m)

[?25h[1G[0Kâ ™[1G[0K
> augustinmauroy.github.io@1.0.0 postbuild
> node ./scripts/postbuild.js

[1G[0Kâ ™[1G[0K[32mâœ“[39m Post build script completed
[1G[0Kâ ™[1G[0K
